<?xml version="1.0" encoding="utf-8"?><testsuites name="pytest tests"><testsuite name="pytest" errors="0" failures="0" skipped="0" tests="12" time="9.317" timestamp="2026-04-21T21:49:59.629174+00:00" hostname="agent-env-43dcd3cf-022e-4dbd-9308-14a2ca25c19c"><testcase classname="backend.tests.backend_test.TestAuth" name="test_login_success" time="0.537" /><testcase classname="backend.tests.backend_test.TestAuth" name="test_login_wrong" time="0.415" /><testcase classname="backend.tests.backend_test.TestAuth" name="test_me_with_token" time="0.599" /><testcase classname="backend.tests.backend_test.TestAuth" name="test_no_auth_401" time="1.262" /><testcase classname="backend.tests.backend_test.TestProducts" name="test_crud" time="0.916" /><testcase classname="backend.tests.backend_test.TestServices" name="test_crud" time="0.592" /><testcase classname="backend.tests.backend_test.TestCustomers" name="test_crud" time="0.428" /><testcase classname="backend.tests.backend_test.TestAppointments" name="test_crud" time="0.666" /><testcase classname="backend.tests.backend_test.TestInvoices" name="test_invoice_creation_with_stock_and_customer_stats" time="1.704" /><testcase classname="backend.tests.backend_test.TestExpenses" name="test_crud" time="0.559" /><testcase classname="backend.tests.backend_test.TestReports" name="test_dashboard_shape" time="0.136" /><testcase classname="backend.tests.backend_test.TestRoleEnforcement" name="test_cashier_cannot_delete_admin_resources" time="1.344" /></testsuite></testsuites>